# JRE version: Java(TM) SE Runtime Environment (8.0_05-b13) (build 1.8.0_05-b13)
# Java VM: Java HotSpot(TM) 64-Bit Server VM (25.5-b02 mixed mode windows-amd64 compressed oops)
Heap:
 PSYoungGen      total 27136K, used 15637K [0x000000076bd00000, 0x000000076de80000, 0x00000007c0000000)
  eden space 22016K, 70% used [0x000000076bd00000,0x000000076cc1d5b8,0x000000076d280000)
  from space 5120K, 3% used [0x000000076d980000,0x000000076d9a8000,0x000000076de80000)
  to   space 6144K, 0% used [0x000000076d280000,0x000000076d280000,0x000000076d880000)
 ParOldGen       total 43520K, used 37557K [0x00000006c3600000, 0x00000006c6080000, 0x000000076bd00000)
  object space 43520K, 86% used [0x00000006c3600000,0x00000006c5aad728,0x00000006c6080000)
 Metaspace       used 59738K, capacity 62930K, committed 63104K, reserved 1103872K
  class space    used 7951K, capacity 8536K, committed 8576K, reserved 1048576K
GC Heap History (10 events):
Event: 265775.438 GC heap before
{Heap before GC invocations=69 (full 5):
 PSYoungGen      total 25088K, used 24736K [0x000000076bd00000, 0x000000076e400000, 0x00000007c0000000)
  eden space 24576K, 100% used [0x000000076bd00000,0x000000076d500000,0x000000076d500000)
  from space 512K, 31% used [0x000000076d580000,0x000000076d5a8010,0x000000076d600000)
  to   space 7680K, 0% used [0x000000076dc80000,0x000000076dc80000,0x000000076e400000)
 ParOldGen       total 43520K, used 37525K [0x00000006c3600000, 0x00000006c6080000, 0x000000076bd00000)
  object space 43520K, 86% used [0x00000006c3600000,0x00000006c5aa5728,0x00000006c6080000)
 Metaspace       used 59738K, capacity 62930K, committed 63104K, reserved 1103872K
  class space    used 7951K, capacity 8536K, committed 8576K, reserved 1048576K
Event: 265775.440 GC heap after
Heap after GC invocations=69 (full 5):
 PSYoungGen      total 31232K, used 128K [0x000000076bd00000, 0x000000076e380000, 0x00000007c0000000)
  eden space 24064K, 0% used [0x000000076bd00000,0x000000076bd00000,0x000000076d480000)
  from space 7168K, 1% used [0x000000076dc80000,0x000000076dca0010,0x000000076e380000)
  to   space 7680K, 0% used [0x000000076d480000,0x000000076d480000,0x000000076dc00000)
 ParOldGen       total 43520K, used 37525K [0x00000006c3600000, 0x00000006c6080000, 0x000000076bd00000)
  object space 43520K, 86% used [0x00000006c3600000,0x00000006c5aa5728,0x00000006c6080000)
 Metaspace       used 59738K, capacity 62930K, committed 63104K, reserved 1103872K
  class space    used 7951K, capacity 8536K, committed 8576K, reserved 1048576K
}
Event: 265884.711 GC heap before
{Heap before GC invocations=70 (full 5):
 PSYoungGen      total 31232K, used 24192K [0x000000076bd00000, 0x000000076e380000, 0x00000007c0000000)
  eden space 24064K, 100% used [0x000000076bd00000,0x000000076d480000,0x000000076d480000)
  from space 7168K, 1% used [0x000000076dc80000,0x000000076dca0010,0x000000076e380000)
  to   space 7680K, 0% used [0x000000076d480000,0x000000076d480000,0x000000076dc00000)
 ParOldGen       total 43520K, used 37525K [0x00000006c3600000, 0x00000006c6080000, 0x000000076bd00000)
  object space 43520K, 86% used [0x00000006c3600000,0x00000006c5aa5728,0x00000006c6080000)
 Metaspace       used 59738K, capacity 62930K, committed 63104K, reserved 1103872K
  class space    used 7951K, capacity 8536K, committed 8576K, reserved 1048576K
Event: 265884.715 GC heap after
Heap after GC invocations=70 (full 5):
 PSYoungGen      total 24064K, used 160K [0x000000076bd00000, 0x000000076e200000, 0x00000007c0000000)
  eden space 23552K, 0% used [0x000000076bd00000,0x000000076bd00000,0x000000076d400000)
  from space 512K, 31% used [0x000000076d480000,0x000000076d4a8010,0x000000076d500000)
  to   space 7168K, 0% used [0x000000076db00000,0x000000076db00000,0x000000076e200000)
 ParOldGen       total 43520K, used 37533K [0x00000006c3600000, 0x00000006c6080000, 0x000000076bd00000)
  object space 43520K, 86% used [0x00000006c3600000,0x00000006c5aa7728,0x00000006c6080000)
 Metaspace       used 59738K, capacity 62930K, committed 63104K, reserved 1103872K
  class space    used 7951K, capacity 8536K, committed 8576K, reserved 1048576K
}
Event: 265991.257 GC heap before
{Heap before GC invocations=71 (full 5):
 PSYoungGen      total 24064K, used 23712K [0x000000076bd00000, 0x000000076e200000, 0x00000007c0000000)
  eden space 23552K, 100% used [0x000000076bd00000,0x000000076d400000,0x000000076d400000)
  from space 512K, 31% used [0x000000076d480000,0x000000076d4a8010,0x000000076d500000)
  to   space 7168K, 0% used [0x000000076db00000,0x000000076db00000,0x000000076e200000)
 ParOldGen       total 43520K, used 37533K [0x00000006c3600000, 0x00000006c6080000, 0x000000076bd00000)
  object space 43520K, 86% used [0x00000006c3600000,0x00000006c5aa7728,0x00000006c6080000)
 Metaspace       used 59738K, capacity 62930K, committed 63104K, reserved 1103872K
  class space    used 7951K, capacity 8536K, committed 8576K, reserved 1048576K
Event: 265991.259 GC heap after
Heap after GC invocations=71 (full 5):
 PSYoungGen      total 28672K, used 192K [0x000000076bd00000, 0x000000076e080000, 0x00000007c0000000)
  eden space 23040K, 0% used [0x000000076bd00000,0x000000076bd00000,0x000000076d380000)
  from space 5632K, 3% used [0x000000076db00000,0x000000076db30010,0x000000076e080000)
  to   space 6656K, 0% used [0x000000076d380000,0x000000076d380000,0x000000076da00000)
 ParOldGen       total 43520K, used 37549K [0x00000006c3600000, 0x00000006c6080000, 0x000000076bd00000)
  object space 43520K, 86% used [0x00000006c3600000,0x00000006c5aab728,0x00000006c6080000)
 Metaspace       used 59738K, capacity 62930K, committed 63104K, reserved 1103872K
  class space    used 7951K, capacity 8536K, committed 8576K, reserved 1048576K
}
Event: 266097.028 GC heap before
{Heap before GC invocations=72 (full 5):
 PSYoungGen      total 28672K, used 23232K [0x000000076bd00000, 0x000000076e080000, 0x00000007c0000000)
  eden space 23040K, 100% used [0x000000076bd00000,0x000000076d380000,0x000000076d380000)
  from space 5632K, 3% used [0x000000076db00000,0x000000076db30010,0x000000076e080000)
  to   space 6656K, 0% used [0x000000076d380000,0x000000076d380000,0x000000076da00000)
 ParOldGen       total 43520K, used 37549K [0x00000006c3600000, 0x00000006c6080000, 0x000000076bd00000)
  object space 43520K, 86% used [0x00000006c3600000,0x00000006c5aab728,0x00000006c6080000)
 Metaspace       used 59738K, capacity 62930K, committed 63104K, reserved 1103872K
  class space    used 7951K, capacity 8536K, committed 8576K, reserved 1048576K
Event: 266097.030 GC heap after
Heap after GC invocations=72 (full 5):
 PSYoungGen      total 23040K, used 224K [0x000000076bd00000, 0x000000076e000000, 0x00000007c0000000)
  eden space 22528K, 0% used [0x000000076bd00000,0x000000076bd00000,0x000000076d300000)
  from space 512K, 43% used [0x000000076d380000,0x000000076d3b8010,0x000000076d400000)
  to   space 6656K, 0% used [0x000000076d980000,0x000000076d980000,0x000000076e000000)
 ParOldGen       total 43520K, used 37557K [0x00000006c3600000, 0x00000006c6080000, 0x000000076bd00000)
  object space 43520K, 86% used [0x00000006c3600000,0x00000006c5aad728,0x00000006c6080000)
 Metaspace       used 59738K, capacity 62930K, committed 63104K, reserved 1103872K
  class space    used 7951K, capacity 8536K, committed 8576K, reserved 1048576K
}
Event: 266199.713 GC heap before
{Heap before GC invocations=73 (full 5):
 PSYoungGen      total 23040K, used 22752K [0x000000076bd00000, 0x000000076e000000, 0x00000007c0000000)
  eden space 22528K, 100% used [0x000000076bd00000,0x000000076d300000,0x000000076d300000)
  from space 512K, 43% used [0x000000076d380000,0x000000076d3b8010,0x000000076d400000)
  to   space 6656K, 0% used [0x000000076d980000,0x000000076d980000,0x000000076e000000)
 ParOldGen       total 43520K, used 37557K [0x00000006c3600000, 0x00000006c6080000, 0x000000076bd00000)
  object space 43520K, 86% used [0x00000006c3600000,0x00000006c5aad728,0x00000006c6080000)
 Metaspace       used 59738K, capacity 62930K, committed 63104K, reserved 1103872K
  class space    used 7951K, capacity 8536K, committed 8576K, reserved 1048576K
Event: 266199.716 GC heap after
Heap after GC invocations=73 (full 5):
 PSYoungGen      total 27136K, used 160K [0x000000076bd00000, 0x000000076de80000, 0x00000007c0000000)
  eden space 22016K, 0% used [0x000000076bd00000,0x000000076bd00000,0x000000076d280000)
  from space 5120K, 3% used [0x000000076d980000,0x000000076d9a8000,0x000000076de80000)
  to   space 6144K, 0% used [0x000000076d280000,0x000000076d280000,0x000000076d880000)
 ParOldGen       total 43520K, used 37557K [0x00000006c3600000, 0x00000006c6080000, 0x000000076bd00000)
  object space 43520K, 86% used [0x00000006c3600000,0x00000006c5aad728,0x00000006c6080000)
 Metaspace       used 59738K, capacity 62930K, committed 63104K, reserved 1103872K
  class space    used 7951K, capacity 8536K, committed 8576K, reserved 1048576K
}

